{"C:\\Users\\nzube\\OneDrive\\Desktop\\file-api\\src\\controllers\\healthCheckController.ts": {"path":"C:\\Users\\nzube\\OneDrive\\Desktop\\file-api\\src\\controllers\\healthCheckController.ts","all":false,"statementMap":{"0":{"start":{"line":1,"column":0},"end":{"line":1,"column":36}},"1":{"start":{"line":2,"column":0},"end":{"line":2,"column":0}},"2":{"start":{"line":3,"column":0},"end":{"line":3,"column":34}},"3":{"start":{"line":4,"column":0},"end":{"line":4,"column":15}},"4":{"start":{"line":5,"column":0},"end":{"line":5,"column":12}},"5":{"start":{"line":6,"column":0},"end":{"line":6,"column":31}},"6":{"start":{"line":7,"column":0},"end":{"line":7,"column":30}},"7":{"start":{"line":8,"column":0},"end":{"line":8,"column":19}},"8":{"start":{"line":9,"column":0},"end":{"line":9,"column":15}},"9":{"start":{"line":10,"column":0},"end":{"line":10,"column":2}}},"s":{"0":1,"1":1,"2":1,"3":1,"4":1,"5":1,"6":1,"7":1,"8":1,"9":1},"branchMap":{"0":{"type":"branch","line":3,"loc":{"start":{"line":3,"column":27},"end":{"line":10,"column":2}},"locations":[{"start":{"line":3,"column":27},"end":{"line":10,"column":2}}]}},"b":{"0":[1]},"fnMap":{"0":{"name":"healthCheck","decl":{"start":{"line":3,"column":27},"end":{"line":10,"column":2}},"loc":{"start":{"line":3,"column":27},"end":{"line":10,"column":2}},"line":3}},"f":{"0":1}}
,"C:\\Users\\nzube\\OneDrive\\Desktop\\file-api\\src\\controllers\\linkController.ts": {"path":"C:\\Users\\nzube\\OneDrive\\Desktop\\file-api\\src\\controllers\\linkController.ts","all":false,"statementMap":{"0":{"start":{"line":1,"column":0},"end":{"line":1,"column":55}},"1":{"start":{"line":2,"column":0},"end":{"line":2,"column":36}},"2":{"start":{"line":3,"column":0},"end":{"line":3,"column":0}},"3":{"start":{"line":4,"column":0},"end":{"line":4,"column":37}},"4":{"start":{"line":5,"column":0},"end":{"line":5,"column":15}},"5":{"start":{"line":6,"column":0},"end":{"line":6,"column":12}},"6":{"start":{"line":7,"column":0},"end":{"line":7,"column":31}},"7":{"start":{"line":8,"column":0},"end":{"line":8,"column":48}},"8":{"start":{"line":9,"column":0},"end":{"line":9,"column":0}},"9":{"start":{"line":10,"column":0},"end":{"line":10,"column":7}},"10":{"start":{"line":11,"column":0},"end":{"line":11,"column":53}},"11":{"start":{"line":12,"column":0},"end":{"line":12,"column":21}},"12":{"start":{"line":13,"column":0},"end":{"line":13,"column":16}},"13":{"start":{"line":14,"column":0},"end":{"line":14,"column":31}},"14":{"start":{"line":15,"column":0},"end":{"line":15,"column":11}},"15":{"start":{"line":16,"column":0},"end":{"line":16,"column":6}},"16":{"start":{"line":17,"column":0},"end":{"line":17,"column":22}},"17":{"start":{"line":18,"column":0},"end":{"line":18,"column":21}},"18":{"start":{"line":19,"column":0},"end":{"line":19,"column":21}},"19":{"start":{"line":20,"column":0},"end":{"line":20,"column":66}},"20":{"start":{"line":21,"column":0},"end":{"line":21,"column":3}},"21":{"start":{"line":22,"column":0},"end":{"line":22,"column":46}},"22":{"start":{"line":23,"column":0},"end":{"line":23,"column":13}},"23":{"start":{"line":24,"column":0},"end":{"line":24,"column":2}}},"s":{"0":1,"1":1,"2":1,"3":1,"4":6,"5":6,"6":6,"7":6,"8":6,"9":6,"10":6,"11":6,"12":6,"13":6,"14":6,"15":6,"16":6,"17":5,"18":5,"19":5,"20":5,"21":6,"22":6,"23":6},"branchMap":{"0":{"type":"branch","line":4,"loc":{"start":{"line":4,"column":30},"end":{"line":24,"column":2}},"locations":[{"start":{"line":4,"column":30},"end":{"line":24,"column":2}}]},"1":{"type":"branch","line":17,"loc":{"start":{"line":17,"column":4},"end":{"line":21,"column":3}},"locations":[{"start":{"line":17,"column":4},"end":{"line":21,"column":3}}]}},"b":{"0":[6],"1":[5]},"fnMap":{"0":{"name":"linkController","decl":{"start":{"line":4,"column":30},"end":{"line":24,"column":2}},"loc":{"start":{"line":4,"column":30},"end":{"line":24,"column":2}},"line":4}},"f":{"0":6}}
,"C:\\Users\\nzube\\OneDrive\\Desktop\\file-api\\src\\controllers\\uploadController.ts": {"path":"C:\\Users\\nzube\\OneDrive\\Desktop\\file-api\\src\\controllers\\uploadController.ts","all":false,"statementMap":{"0":{"start":{"line":1,"column":0},"end":{"line":1,"column":59}},"1":{"start":{"line":2,"column":0},"end":{"line":2,"column":36}},"2":{"start":{"line":3,"column":0},"end":{"line":3,"column":0}},"3":{"start":{"line":4,"column":0},"end":{"line":4,"column":39}},"4":{"start":{"line":5,"column":0},"end":{"line":5,"column":15}},"5":{"start":{"line":6,"column":0},"end":{"line":6,"column":12}},"6":{"start":{"line":7,"column":0},"end":{"line":7,"column":31}},"7":{"start":{"line":8,"column":0},"end":{"line":8,"column":48}},"8":{"start":{"line":9,"column":0},"end":{"line":9,"column":0}},"9":{"start":{"line":10,"column":0},"end":{"line":10,"column":7}},"10":{"start":{"line":11,"column":0},"end":{"line":11,"column":56}},"11":{"start":{"line":12,"column":0},"end":{"line":12,"column":21}},"12":{"start":{"line":13,"column":0},"end":{"line":13,"column":16}},"13":{"start":{"line":14,"column":0},"end":{"line":14,"column":31}},"14":{"start":{"line":15,"column":0},"end":{"line":15,"column":11}},"15":{"start":{"line":16,"column":0},"end":{"line":16,"column":6}},"16":{"start":{"line":17,"column":0},"end":{"line":17,"column":22}},"17":{"start":{"line":18,"column":0},"end":{"line":18,"column":21}},"18":{"start":{"line":19,"column":0},"end":{"line":19,"column":21}},"19":{"start":{"line":20,"column":0},"end":{"line":20,"column":66}},"20":{"start":{"line":21,"column":0},"end":{"line":21,"column":3}},"21":{"start":{"line":22,"column":0},"end":{"line":22,"column":46}},"22":{"start":{"line":23,"column":0},"end":{"line":23,"column":13}},"23":{"start":{"line":24,"column":0},"end":{"line":24,"column":2}}},"s":{"0":1,"1":1,"2":1,"3":1,"4":8,"5":8,"6":8,"7":8,"8":8,"9":8,"10":8,"11":8,"12":8,"13":8,"14":8,"15":8,"16":8,"17":6,"18":6,"19":6,"20":6,"21":8,"22":8,"23":8},"branchMap":{"0":{"type":"branch","line":4,"loc":{"start":{"line":4,"column":32},"end":{"line":24,"column":2}},"locations":[{"start":{"line":4,"column":32},"end":{"line":24,"column":2}}]},"1":{"type":"branch","line":17,"loc":{"start":{"line":17,"column":4},"end":{"line":21,"column":3}},"locations":[{"start":{"line":17,"column":4},"end":{"line":21,"column":3}}]}},"b":{"0":[8],"1":[6]},"fnMap":{"0":{"name":"uploadController","decl":{"start":{"line":4,"column":32},"end":{"line":24,"column":2}},"loc":{"start":{"line":4,"column":32},"end":{"line":24,"column":2}},"line":4}},"f":{"0":8}}
,"C:\\Users\\nzube\\OneDrive\\Desktop\\file-api\\src\\services\\link.service.ts": {"path":"C:\\Users\\nzube\\OneDrive\\Desktop\\file-api\\src\\services\\link.service.ts","all":false,"statementMap":{"0":{"start":{"line":1,"column":0},"end":{"line":1,"column":33}},"1":{"start":{"line":2,"column":0},"end":{"line":2,"column":36}},"2":{"start":{"line":3,"column":0},"end":{"line":3,"column":57}},"3":{"start":{"line":4,"column":0},"end":{"line":4,"column":0}},"4":{"start":{"line":5,"column":0},"end":{"line":5,"column":75}},"5":{"start":{"line":6,"column":0},"end":{"line":6,"column":17}},"6":{"start":{"line":7,"column":0},"end":{"line":7,"column":0}},"7":{"start":{"line":8,"column":0},"end":{"line":8,"column":18}},"8":{"start":{"line":9,"column":0},"end":{"line":9,"column":58}},"9":{"start":{"line":10,"column":0},"end":{"line":10,"column":3}},"10":{"start":{"line":11,"column":0},"end":{"line":11,"column":0}},"11":{"start":{"line":12,"column":0},"end":{"line":12,"column":25}},"12":{"start":{"line":13,"column":0},"end":{"line":13,"column":20}},"13":{"start":{"line":14,"column":0},"end":{"line":14,"column":0}},"14":{"start":{"line":15,"column":0},"end":{"line":15,"column":21}},"15":{"start":{"line":16,"column":0},"end":{"line":16,"column":49}},"16":{"start":{"line":17,"column":0},"end":{"line":17,"column":27}},"17":{"start":{"line":18,"column":0},"end":{"line":18,"column":38}},"18":{"start":{"line":19,"column":0},"end":{"line":19,"column":30}},"19":{"start":{"line":20,"column":0},"end":{"line":20,"column":48}},"20":{"start":{"line":21,"column":0},"end":{"line":21,"column":18}},"21":{"start":{"line":22,"column":0},"end":{"line":22,"column":11}},"22":{"start":{"line":23,"column":0},"end":{"line":23,"column":28}},"23":{"start":{"line":24,"column":0},"end":{"line":24,"column":25}},"24":{"start":{"line":25,"column":0},"end":{"line":25,"column":26}},"25":{"start":{"line":26,"column":0},"end":{"line":26,"column":61}},"26":{"start":{"line":27,"column":0},"end":{"line":27,"column":39}},"27":{"start":{"line":28,"column":0},"end":{"line":28,"column":15}},"28":{"start":{"line":29,"column":0},"end":{"line":29,"column":89}},"29":{"start":{"line":30,"column":0},"end":{"line":30,"column":15}},"30":{"start":{"line":31,"column":0},"end":{"line":31,"column":7}},"31":{"start":{"line":32,"column":0},"end":{"line":32,"column":43}},"32":{"start":{"line":33,"column":0},"end":{"line":33,"column":66}},"33":{"start":{"line":34,"column":0},"end":{"line":34,"column":19}},"34":{"start":{"line":35,"column":0},"end":{"line":35,"column":49}},"35":{"start":{"line":36,"column":0},"end":{"line":36,"column":14}},"36":{"start":{"line":37,"column":0},"end":{"line":37,"column":68}},"37":{"start":{"line":38,"column":0},"end":{"line":38,"column":15}},"38":{"start":{"line":39,"column":0},"end":{"line":39,"column":7}},"39":{"start":{"line":40,"column":0},"end":{"line":40,"column":7}},"40":{"start":{"line":41,"column":0},"end":{"line":41,"column":0}},"41":{"start":{"line":42,"column":0},"end":{"line":42,"column":14}},"42":{"start":{"line":43,"column":0},"end":{"line":43,"column":27}},"43":{"start":{"line":44,"column":0},"end":{"line":44,"column":3}},"44":{"start":{"line":45,"column":0},"end":{"line":45,"column":23}},"45":{"start":{"line":46,"column":0},"end":{"line":46,"column":37}},"46":{"start":{"line":47,"column":0},"end":{"line":47,"column":3}},"47":{"start":{"line":48,"column":0},"end":{"line":48,"column":16}},"48":{"start":{"line":49,"column":0},"end":{"line":49,"column":2}}},"s":{"0":1,"1":1,"2":1,"3":1,"4":1,"5":6,"6":6,"7":6,"8":2,"9":2,"10":4,"11":4,"12":4,"13":4,"14":4,"15":4,"16":4,"17":4,"18":4,"19":4,"20":4,"21":4,"22":4,"23":4,"24":4,"25":11,"26":11,"27":5,"28":5,"29":5,"30":5,"31":11,"32":11,"33":11,"34":3,"35":3,"36":3,"37":3,"38":3,"39":4,"40":4,"41":6,"42":3,"43":3,"44":6,"45":0,"46":0,"47":6,"48":6},"branchMap":{"0":{"type":"branch","line":5,"loc":{"start":{"line":5,"column":27},"end":{"line":49,"column":2}},"locations":[{"start":{"line":5,"column":27},"end":{"line":49,"column":2}}]},"1":{"type":"branch","line":8,"loc":{"start":{"line":8,"column":17},"end":{"line":10,"column":3}},"locations":[{"start":{"line":8,"column":17},"end":{"line":10,"column":3}}]},"2":{"type":"branch","line":11,"loc":{"start":{"line":11,"column":-2},"end":{"line":42,"column":13}},"locations":[{"start":{"line":11,"column":-2},"end":{"line":42,"column":13}}]},"3":{"type":"branch","line":42,"loc":{"start":{"line":42,"column":13},"end":{"line":44,"column":3}},"locations":[{"start":{"line":42,"column":13},"end":{"line":44,"column":3}}]},"4":{"type":"branch","line":45,"loc":{"start":{"line":45,"column":-2},"end":{"line":45,"column":22}},"locations":[{"start":{"line":45,"column":-2},"end":{"line":45,"column":22}}]},"5":{"type":"branch","line":45,"loc":{"start":{"line":45,"column":22},"end":{"line":47,"column":3}},"locations":[{"start":{"line":45,"column":22},"end":{"line":47,"column":3}}]},"6":{"type":"branch","line":25,"loc":{"start":{"line":25,"column":15},"end":{"line":40,"column":5}},"locations":[{"start":{"line":25,"column":15},"end":{"line":40,"column":5}}]},"7":{"type":"branch","line":27,"loc":{"start":{"line":27,"column":20},"end":{"line":27,"column":36}},"locations":[{"start":{"line":27,"column":20},"end":{"line":27,"column":36}}]},"8":{"type":"branch","line":27,"loc":{"start":{"line":27,"column":38},"end":{"line":31,"column":7}},"locations":[{"start":{"line":27,"column":38},"end":{"line":31,"column":7}}]},"9":{"type":"branch","line":34,"loc":{"start":{"line":34,"column":18},"end":{"line":39,"column":7}},"locations":[{"start":{"line":34,"column":18},"end":{"line":39,"column":7}}]}},"b":{"0":[6],"1":[2],"2":[4],"3":[3],"4":[1],"5":[0],"6":[11],"7":[9],"8":[5],"9":[3]},"fnMap":{"0":{"name":"linkService","decl":{"start":{"line":5,"column":27},"end":{"line":49,"column":2}},"loc":{"start":{"line":5,"column":27},"end":{"line":49,"column":2}},"line":5}},"f":{"0":6}}
,"C:\\Users\\nzube\\OneDrive\\Desktop\\file-api\\src\\services\\upload.service.ts": {"path":"C:\\Users\\nzube\\OneDrive\\Desktop\\file-api\\src\\services\\upload.service.ts","all":false,"statementMap":{"0":{"start":{"line":1,"column":0},"end":{"line":1,"column":33}},"1":{"start":{"line":2,"column":0},"end":{"line":2,"column":34}},"2":{"start":{"line":3,"column":0},"end":{"line":3,"column":61}},"3":{"start":{"line":4,"column":0},"end":{"line":4,"column":0}},"4":{"start":{"line":5,"column":0},"end":{"line":5,"column":65}},"5":{"start":{"line":6,"column":0},"end":{"line":6,"column":17}},"6":{"start":{"line":7,"column":0},"end":{"line":7,"column":0}},"7":{"start":{"line":8,"column":0},"end":{"line":8,"column":30}},"8":{"start":{"line":9,"column":0},"end":{"line":9,"column":40}},"9":{"start":{"line":10,"column":0},"end":{"line":10,"column":3}},"10":{"start":{"line":11,"column":0},"end":{"line":11,"column":0}},"11":{"start":{"line":12,"column":0},"end":{"line":12,"column":82}},"12":{"start":{"line":13,"column":0},"end":{"line":13,"column":39}},"13":{"start":{"line":14,"column":0},"end":{"line":14,"column":0}},"14":{"start":{"line":15,"column":0},"end":{"line":15,"column":29}},"15":{"start":{"line":16,"column":0},"end":{"line":16,"column":28}},"16":{"start":{"line":17,"column":0},"end":{"line":17,"column":0}},"17":{"start":{"line":18,"column":0},"end":{"line":18,"column":26}},"18":{"start":{"line":19,"column":0},"end":{"line":19,"column":26}},"19":{"start":{"line":20,"column":0},"end":{"line":20,"column":8}},"20":{"start":{"line":21,"column":0},"end":{"line":21,"column":50}},"21":{"start":{"line":22,"column":0},"end":{"line":22,"column":25}},"22":{"start":{"line":23,"column":0},"end":{"line":23,"column":48}},"23":{"start":{"line":24,"column":0},"end":{"line":24,"column":0}},"24":{"start":{"line":25,"column":0},"end":{"line":25,"column":44}},"25":{"start":{"line":26,"column":0},"end":{"line":26,"column":10}},"26":{"start":{"line":27,"column":0},"end":{"line":27,"column":25}},"27":{"start":{"line":28,"column":0},"end":{"line":28,"column":22}},"28":{"start":{"line":29,"column":0},"end":{"line":29,"column":10}},"29":{"start":{"line":30,"column":0},"end":{"line":30,"column":6}},"30":{"start":{"line":31,"column":0},"end":{"line":31,"column":26}},"31":{"start":{"line":32,"column":0},"end":{"line":32,"column":43}},"32":{"start":{"line":33,"column":0},"end":{"line":33,"column":27}},"33":{"start":{"line":34,"column":0},"end":{"line":34,"column":8}},"34":{"start":{"line":35,"column":0},"end":{"line":35,"column":6}},"35":{"start":{"line":36,"column":0},"end":{"line":36,"column":3}},"36":{"start":{"line":37,"column":0},"end":{"line":37,"column":0}},"37":{"start":{"line":38,"column":0},"end":{"line":38,"column":60}},"38":{"start":{"line":39,"column":0},"end":{"line":39,"column":38}},"39":{"start":{"line":40,"column":0},"end":{"line":40,"column":0}},"40":{"start":{"line":41,"column":0},"end":{"line":41,"column":31}},"41":{"start":{"line":42,"column":0},"end":{"line":42,"column":36}},"42":{"start":{"line":43,"column":0},"end":{"line":43,"column":0}},"43":{"start":{"line":44,"column":0},"end":{"line":44,"column":43}},"44":{"start":{"line":45,"column":0},"end":{"line":45,"column":27}},"45":{"start":{"line":46,"column":0},"end":{"line":46,"column":46}},"46":{"start":{"line":47,"column":0},"end":{"line":47,"column":30}},"47":{"start":{"line":48,"column":0},"end":{"line":48,"column":17}},"48":{"start":{"line":49,"column":0},"end":{"line":49,"column":34}},"49":{"start":{"line":50,"column":0},"end":{"line":50,"column":27}},"50":{"start":{"line":51,"column":0},"end":{"line":51,"column":32}},"51":{"start":{"line":52,"column":0},"end":{"line":52,"column":45}},"52":{"start":{"line":53,"column":0},"end":{"line":53,"column":21}},"53":{"start":{"line":54,"column":0},"end":{"line":54,"column":95}},"54":{"start":{"line":55,"column":0},"end":{"line":55,"column":21}},"55":{"start":{"line":56,"column":0},"end":{"line":56,"column":13}},"56":{"start":{"line":57,"column":0},"end":{"line":57,"column":49}},"57":{"start":{"line":58,"column":0},"end":{"line":58,"column":25}},"58":{"start":{"line":59,"column":0},"end":{"line":59,"column":54}},"59":{"start":{"line":60,"column":0},"end":{"line":60,"column":20}},"60":{"start":{"line":61,"column":0},"end":{"line":61,"column":74}},"61":{"start":{"line":62,"column":0},"end":{"line":62,"column":21}},"62":{"start":{"line":63,"column":0},"end":{"line":63,"column":13}},"63":{"start":{"line":64,"column":0},"end":{"line":64,"column":13}},"64":{"start":{"line":65,"column":0},"end":{"line":65,"column":48}},"65":{"start":{"line":66,"column":0},"end":{"line":66,"column":8}},"66":{"start":{"line":67,"column":0},"end":{"line":67,"column":6}},"67":{"start":{"line":68,"column":0},"end":{"line":68,"column":3}},"68":{"start":{"line":69,"column":0},"end":{"line":69,"column":61}},"69":{"start":{"line":70,"column":0},"end":{"line":70,"column":52}},"70":{"start":{"line":71,"column":0},"end":{"line":71,"column":0}},"71":{"start":{"line":72,"column":0},"end":{"line":72,"column":14}},"72":{"start":{"line":73,"column":0},"end":{"line":73,"column":27}},"73":{"start":{"line":74,"column":0},"end":{"line":74,"column":3}},"74":{"start":{"line":75,"column":0},"end":{"line":75,"column":16}},"75":{"start":{"line":76,"column":0},"end":{"line":76,"column":2}}},"s":{"0":1,"1":1,"2":1,"3":1,"4":1,"5":8,"6":8,"7":8,"8":1,"9":1,"10":8,"11":8,"12":8,"13":8,"14":8,"15":8,"16":8,"17":8,"18":9,"19":9,"20":9,"21":9,"22":9,"23":9,"24":9,"25":9,"26":9,"27":0,"28":9,"29":9,"30":9,"31":9,"32":0,"33":9,"34":9,"35":9,"36":7,"37":7,"38":7,"39":7,"40":7,"41":7,"42":7,"43":8,"44":9,"45":9,"46":9,"47":9,"48":9,"49":9,"50":9,"51":24,"52":9,"53":9,"54":9,"55":9,"56":24,"57":24,"58":12,"59":24,"60":3,"61":3,"62":3,"63":9,"64":9,"65":9,"66":9,"67":9,"68":8,"69":8,"70":8,"71":8,"72":5,"73":5,"74":8,"75":8},"branchMap":{"0":{"type":"branch","line":5,"loc":{"start":{"line":5,"column":29},"end":{"line":76,"column":2}},"locations":[{"start":{"line":5,"column":29},"end":{"line":76,"column":2}}]},"1":{"type":"branch","line":8,"loc":{"start":{"line":8,"column":11},"end":{"line":8,"column":27}},"locations":[{"start":{"line":8,"column":11},"end":{"line":8,"column":27}}]},"2":{"type":"branch","line":8,"loc":{"start":{"line":8,"column":29},"end":{"line":10,"column":3}},"locations":[{"start":{"line":8,"column":29},"end":{"line":10,"column":3}}]},"3":{"type":"branch","line":18,"loc":{"start":{"line":18,"column":25},"end":{"line":36,"column":3}},"locations":[{"start":{"line":18,"column":25},"end":{"line":36,"column":3}}]},"4":{"type":"branch","line":37,"loc":{"start":{"line":37,"column":-2},"end":{"line":44,"column":42}},"locations":[{"start":{"line":37,"column":-2},"end":{"line":44,"column":42}}]},"5":{"type":"branch","line":44,"loc":{"start":{"line":44,"column":42},"end":{"line":68,"column":3}},"locations":[{"start":{"line":44,"column":42},"end":{"line":68,"column":3}}]},"6":{"type":"branch","line":72,"loc":{"start":{"line":72,"column":13},"end":{"line":74,"column":3}},"locations":[{"start":{"line":72,"column":13},"end":{"line":74,"column":3}}]},"7":{"type":"branch","line":22,"loc":{"start":{"line":22,"column":14},"end":{"line":26,"column":9}},"locations":[{"start":{"line":22,"column":14},"end":{"line":26,"column":9}}]},"8":{"type":"branch","line":46,"loc":{"start":{"line":46,"column":18},"end":{"line":66,"column":7}},"locations":[{"start":{"line":46,"column":18},"end":{"line":66,"column":7}}]},"9":{"type":"branch","line":51,"loc":{"start":{"line":51,"column":21},"end":{"line":64,"column":11}},"locations":[{"start":{"line":51,"column":21},"end":{"line":64,"column":11}}]},"10":{"type":"branch","line":52,"loc":{"start":{"line":52,"column":26},"end":{"line":52,"column":42}},"locations":[{"start":{"line":52,"column":26},"end":{"line":52,"column":42}}]},"11":{"type":"branch","line":52,"loc":{"start":{"line":52,"column":44},"end":{"line":56,"column":13}},"locations":[{"start":{"line":52,"column":44},"end":{"line":56,"column":13}}]},"12":{"type":"branch","line":58,"loc":{"start":{"line":58,"column":24},"end":{"line":60,"column":19}},"locations":[{"start":{"line":58,"column":24},"end":{"line":60,"column":19}}]},"13":{"type":"branch","line":60,"loc":{"start":{"line":60,"column":13},"end":{"line":63,"column":13}},"locations":[{"start":{"line":60,"column":13},"end":{"line":63,"column":13}}]}},"b":{"0":[8],"1":[7],"2":[1],"3":[9],"4":[7],"5":[9],"6":[5],"7":[9],"8":[9],"9":[24],"10":[18],"11":[9],"12":[12],"13":[3]},"fnMap":{"0":{"name":"uploadService","decl":{"start":{"line":5,"column":29},"end":{"line":76,"column":2}},"loc":{"start":{"line":5,"column":29},"end":{"line":76,"column":2}},"line":5}},"f":{"0":8}}
}
