TN:
SF:src\controllers\healthCheckController.ts
FN:3,healthCheck
FNF:1
FNH:1
FNDA:1,healthCheck
DA:1,1
DA:2,1
DA:3,1
DA:4,1
DA:5,1
DA:6,1
DA:7,1
DA:8,1
DA:9,1
DA:10,1
LF:10
LH:10
BRDA:3,0,0,1
BRF:1
BRH:1
end_of_record
TN:
SF:src\controllers\linkController.ts
FN:4,linkController
FNF:1
FNH:1
FNDA:6,linkController
DA:1,1
DA:2,1
DA:3,1
DA:4,1
DA:5,6
DA:6,6
DA:7,6
DA:8,6
DA:9,6
DA:10,6
DA:11,6
DA:12,6
DA:13,6
DA:14,6
DA:15,6
DA:16,6
DA:17,6
DA:18,5
DA:19,5
DA:20,5
DA:21,5
DA:22,6
DA:23,6
DA:24,6
LF:24
LH:24
BRDA:4,0,0,6
BRDA:17,1,0,5
BRF:2
BRH:2
end_of_record
TN:
SF:src\controllers\uploadController.ts
FN:4,uploadController
FNF:1
FNH:1
FNDA:8,uploadController
DA:1,1
DA:2,1
DA:3,1
DA:4,1
DA:5,8
DA:6,8
DA:7,8
DA:8,8
DA:9,8
DA:10,8
DA:11,8
DA:12,8
DA:13,8
DA:14,8
DA:15,8
DA:16,8
DA:17,8
DA:18,6
DA:19,6
DA:20,6
DA:21,6
DA:22,8
DA:23,8
DA:24,8
LF:24
LH:24
BRDA:4,0,0,8
BRDA:17,1,0,6
BRF:2
BRH:2
end_of_record
TN:
SF:src\services\link.service.ts
FN:5,linkService
FNF:1
FNH:1
FNDA:6,linkService
DA:1,1
DA:2,1
DA:3,1
DA:4,1
DA:5,1
DA:6,6
DA:7,6
DA:8,6
DA:9,2
DA:10,2
DA:11,4
DA:12,4
DA:13,4
DA:14,4
DA:15,4
DA:16,4
DA:17,4
DA:18,4
DA:19,4
DA:20,4
DA:21,4
DA:22,4
DA:23,4
DA:24,4
DA:25,4
DA:26,11
DA:27,11
DA:28,5
DA:29,5
DA:30,5
DA:31,5
DA:32,11
DA:33,11
DA:34,11
DA:35,3
DA:36,3
DA:37,3
DA:38,3
DA:39,3
DA:40,4
DA:41,4
DA:42,6
DA:43,3
DA:44,3
DA:45,6
DA:46,0
DA:47,0
DA:48,6
DA:49,6
LF:49
LH:47
BRDA:5,0,0,6
BRDA:8,1,0,2
BRDA:11,2,0,4
BRDA:42,3,0,3
BRDA:45,4,0,1
BRDA:45,5,0,0
BRDA:25,6,0,11
BRDA:27,7,0,9
BRDA:27,8,0,5
BRDA:34,9,0,3
BRF:10
BRH:9
end_of_record
TN:
SF:src\services\upload.service.ts
FN:5,uploadService
FNF:1
FNH:1
FNDA:8,uploadService
DA:1,1
DA:2,1
DA:3,1
DA:4,1
DA:5,1
DA:6,8
DA:7,8
DA:8,8
DA:9,1
DA:10,1
DA:11,8
DA:12,8
DA:13,8
DA:14,8
DA:15,8
DA:16,8
DA:17,8
DA:18,8
DA:19,9
DA:20,9
DA:21,9
DA:22,9
DA:23,9
DA:24,9
DA:25,9
DA:26,9
DA:27,9
DA:28,0
DA:29,9
DA:30,9
DA:31,9
DA:32,9
DA:33,0
DA:34,9
DA:35,9
DA:36,9
DA:37,7
DA:38,7
DA:39,7
DA:40,7
DA:41,7
DA:42,7
DA:43,7
DA:44,8
DA:45,9
DA:46,9
DA:47,9
DA:48,9
DA:49,9
DA:50,9
DA:51,9
DA:52,24
DA:53,9
DA:54,9
DA:55,9
DA:56,9
DA:57,24
DA:58,24
DA:59,12
DA:60,24
DA:61,3
DA:62,3
DA:63,3
DA:64,9
DA:65,9
DA:66,9
DA:67,9
DA:68,9
DA:69,8
DA:70,8
DA:71,8
DA:72,8
DA:73,5
DA:74,5
DA:75,8
DA:76,8
LF:76
LH:74
BRDA:5,0,0,8
BRDA:8,1,0,7
BRDA:8,2,0,1
BRDA:18,3,0,9
BRDA:37,4,0,7
BRDA:44,5,0,9
BRDA:72,6,0,5
BRDA:22,7,0,9
BRDA:46,8,0,9
BRDA:51,9,0,24
BRDA:52,10,0,18
BRDA:52,11,0,9
BRDA:58,12,0,12
BRDA:60,13,0,3
BRF:14
BRH:14
end_of_record
